{"content": {"suites": {"0": {"status": {"total_pass": 14, "total_skip": 0, "total_xpass": 0, "total_xfail": 0, "total_rerun": 0, "total_fail": 2, "total_error": 0}, "tests": {"0": {"status": "PASS", "message": "", "test_name": "test_access_user_join_page", "rerun": "0"}, "1": {"status": "PASS", "message": "", "test_name": "test_login_enter", "rerun": "0"}, "2": {"status": "PASS", "message": "", "test_name": "test_login_validation_check01", "rerun": "0"}, "3": {"status": "PASS", "message": "", "test_name": "test_login_validation_check02", "rerun": "0"}, "4": {"status": "FAIL", "message": "   selenium.common.exceptions.NoSuchElementException: Message: no such element: Unable to locate element: {\"method\":\"xpath\",\"selector\":\"//*[@id=\"__next\"]/div[2]/div/div/div[2]/div[2]/div\"}\n     (Session info: chrome=108.0.5359.94)\n   Stacktrace:\n   0   chromedriver                        0x0000000104632a88 chromedriver + 4123272\n   1   chromedriver                        0x00000001045be778 chromedriver + 3647352\n   2   chromedriver                        0x0000000104280ac4 chromedriver + 248516\n   3   chromedriver                        0x00000001042b6f68 chromedriver + 470888\n   4   chromedriver                        0x00000001042e9020 chromedriver + 675872\n   5   chromedriver                        0x00000001042aab10 chromedriver + 420624\n   6   chromedriver                        0x00000001042abc30 chromedriver + 425008\n   7   chromedriver                        0x0000000104604ae4 chromedriver + 3934948\n   8   chromedriver                        0x0000000104607f24 chromedriver + 3948324\n   9   chromedriver                        0x0000000104608508 chromedriver + 3949832\n   10  chromedriver                        0x000000010460eb30 chromedriver + 3975984\n   11  chromedriver                        0x0000000104608b24 chromedriver + 3951396\n   12  chromedriver                        0x00000001045e371c chromedriver + 3798812\n   13  chromedriver                        0x00000001046252f0 chromedriver + 4068080\n   14  chromedriver                        0x0000000104625444 chromedriver + 4068420\n   15  chromedriver                        0x0000000104639450 chromedriver + 4150352\n   16  libsystem_pthread.dylib             0x00000001b458026c _pthread_start + 148\n   17  libsystem_pthread.dylib             0x00000001b457b08c thread_start + 8\n", "test_name": "test_login_validation_check03", "rerun": "0"}, "5": {"status": "PASS", "message": "", "test_name": "test_login_validation_check04", "rerun": "0"}, "6": {"status": "PASS", "message": "", "test_name": "test_login_validation_check05", "rerun": "0"}, "7": {"status": "PASS", "message": "", "test_name": "test_login_validation_check06", "rerun": "0"}, "8": {"status": "PASS", "message": "", "test_name": "test_login_validation_check07", "rerun": "0"}, "9": {"status": "FAIL", "message": "   selenium.common.exceptions.NoSuchElementException: Message: no such element: Unable to locate element: {\"method\":\"xpath\",\"selector\":\"//*[@id=\"__next\"]/div[2]/div/div/div[2]/div[2]/div\"}\n     (Session info: chrome=108.0.5359.94)\n   Stacktrace:\n   0   chromedriver                        0x0000000104632a88 chromedriver + 4123272\n   1   chromedriver                        0x00000001045be778 chromedriver + 3647352\n   2   chromedriver                        0x0000000104280ac4 chromedriver + 248516\n   3   chromedriver                        0x00000001042b6f68 chromedriver + 470888\n   4   chromedriver                        0x00000001042e9020 chromedriver + 675872\n   5   chromedriver                        0x00000001042aab10 chromedriver + 420624\n   6   chromedriver                        0x00000001042abc30 chromedriver + 425008\n   7   chromedriver                        0x0000000104604ae4 chromedriver + 3934948\n   8   chromedriver                        0x0000000104607f24 chromedriver + 3948324\n   9   chromedriver                        0x0000000104608508 chromedriver + 3949832\n   10  chromedriver                        0x000000010460eb30 chromedriver + 3975984\n   11  chromedriver                        0x0000000104608b24 chromedriver + 3951396\n   12  chromedriver                        0x00000001045e371c chromedriver + 3798812\n   13  chromedriver                        0x00000001046252f0 chromedriver + 4068080\n   14  chromedriver                        0x0000000104625444 chromedriver + 4068420\n   15  chromedriver                        0x0000000104639450 chromedriver + 4150352\n   16  libsystem_pthread.dylib             0x00000001b458026c _pthread_start + 148\n   17  libsystem_pthread.dylib             0x00000001b457b08c thread_start + 8\n", "test_name": "test_login_validation_check08", "rerun": "0"}, "10": {"status": "PASS", "message": "", "test_name": "test_login_validation_check09", "rerun": "0"}, "11": {"status": "PASS", "message": "", "test_name": "test_login_validation_check10", "rerun": "0"}, "12": {"status": "PASS", "message": "", "test_name": "test_login_validation_check11", "rerun": "0"}, "13": {"status": "PASS", "message": "", "test_name": "test_login_validation_check12", "rerun": "0"}, "14": {"status": "PASS", "message": "", "test_name": "test_login_validation_check13", "rerun": "0"}, "15": {"status": "PASS", "message": "", "test_name": "test_login_new_tab", "rerun": "0"}}, "suite_name": "Tests/test_login.py"}, "1": {"suite_name": "Tests/test_search.py", "tests": {"0": {"status": "FAIL", "message": "   AssertionError: \uc5d0\ub7ec \ubc1c\uc0dd\n   assert '' == '\u2018<SCRIPT>ale... \uc27d\uac8c \ucc3e\uc744 \uc218 \uc788\uc5b4\uc694.'\n     - \u2018<SCRIPT>alert(\"\ud14c\uc2a4\ud2b8!!!\");</SCRIPT>\u2019\uc5d0 \ub300\ud55c \uac80\uc0c9 \uacb0\uacfc\uac00 \uc5c6\uc2b5\ub2c8\ub2e4. \ucca0\uc790\uc640 \ub744\uc5b4\uc4f0\uae30\ub97c \ud655\uc778\ud574 \ubcf4\uc138\uc694.\n     - \uce74\ud14c\uace0\ub9ac\uc5d0\uc11c \uc0c1\ud488\uc744 \uc27d\uac8c \ucc3e\uc744 \uc218 \uc788\uc5b4\uc694.\n", "test_name": "test_search_input_xss01", "rerun": "0"}}, "status": {"total_pass": 0, "total_skip": 0, "total_xpass": 0, "total_xfail": 0, "total_rerun": 0, "total_fail": 1, "total_error": 0}}, "2": {"suite_name": "Tests/test_simple_scenario.py", "tests": {"0": {"status": "PASS", "message": "", "test_name": "test_home_good", "rerun": "0"}, "1": {"status": "PASS", "message": "", "test_name": "test_login_good", "rerun": "0"}, "2": {"status": "PASS", "message": "", "test_name": "test_search_good", "rerun": "0"}, "3": {"status": "PASS", "message": "", "test_name": "test_product_page_good", "rerun": "0"}}, "status": {"total_pass": 4, "total_skip": 0, "total_xpass": 0, "total_xfail": 0, "total_rerun": 0, "total_fail": 0, "total_error": 0}}}}, "date": "December 08, 2022", "start_time": 1670429284.5938282, "total_suite": 3, "status": "FAIL", "status_list": {"pass": "18", "fail": "3", "skip": "0", "error": "0", "xpass": "0", "xfail": "0", "rerun": "0"}, "total_tests": "21"}