{"content": {"suites": {"0": {"status": {"total_pass": 1, "total_skip": 0, "total_xpass": 0, "total_xfail": 0, "total_rerun": 0, "total_fail": 14, "total_error": 0}, "tests": {"0": {"status": "PASS", "message": "", "test_name": "test_access_user_join_page", "rerun": "0"}, "1": {"status": "FAIL", "message": "   AttributeError: 'NoneType' object has no attribute 'click'\n", "test_name": "test_login_enter", "rerun": "0"}, "2": {"status": "FAIL", "message": "   selenium.common.exceptions.NoSuchWindowException: Message: no such window: target window already closed\n   from unknown error: web view not found\n     (Session info: chrome=108.0.5359.94)\n   Stacktrace:\n   0   chromedriver                        0x0000000104616a88 chromedriver + 4123272\n   1   chromedriver                        0x00000001045a2778 chromedriver + 3647352\n   2   chromedriver                        0x0000000104264ac4 chromedriver + 248516\n   3   chromedriver                        0x0000000104244304 chromedriver + 115460\n   4   chromedriver                        0x00000001042bae64 chromedriver + 601700\n   5   chromedriver                        0x00000001042cc744 chromedriver + 673604\n   6   chromedriver                        0x000000010428eb10 chromedriver + 420624\n   7   chromedriver                        0x000000010428fc30 chromedriver + 425008\n   8   chromedriver                        0x00000001045e8ae4 chromedriver + 3934948\n   9   chromedriver                        0x00000001045ebf24 chromedriver + 3948324\n   10  chromedriver                        0x00000001045ec508 chromedriver + 3949832\n   11  chromedriver                        0x00000001045f2b30 chromedriver + 3975984\n   12  chromedriver                        0x00000001045ecb24 chromedriver + 3951396\n   13  chromedriver                        0x00000001045c771c chromedriver + 3798812\n   14  chromedriver                        0x00000001046092f0 chromedriver + 4068080\n   15  chromedriver                        0x0000000104609444 chromedriver + 4068420\n   16  chromedriver                        0x000000010461d450 chromedriver + 4150352\n   17  libsystem_pthread.dylib             0x00000001b458026c _pthread_start + 148\n   18  libsystem_pthread.dylib             0x00000001b457b08c thread_start + 8\n", "test_name": "test_login_validation_check01", "rerun": "0"}, "3": {"status": "FAIL", "message": "   selenium.common.exceptions.NoSuchWindowException: Message: no such window: target window already closed\n   from unknown error: web view not found\n     (Session info: chrome=108.0.5359.94)\n   Stacktrace:\n   0   chromedriver                        0x0000000104616a88 chromedriver + 4123272\n   1   chromedriver                        0x00000001045a2778 chromedriver + 3647352\n   2   chromedriver                        0x0000000104264ac4 chromedriver + 248516\n   3   chromedriver                        0x0000000104244304 chromedriver + 115460\n   4   chromedriver                        0x00000001042bae64 chromedriver + 601700\n   5   chromedriver                        0x00000001042cc744 chromedriver + 673604\n   6   chromedriver                        0x000000010428eb10 chromedriver + 420624\n   7   chromedriver                        0x000000010428fc30 chromedriver + 425008\n   8   chromedriver                        0x00000001045e8ae4 chromedriver + 3934948\n   9   chromedriver                        0x00000001045ebf24 chromedriver + 3948324\n   10  chromedriver                        0x00000001045ec508 chromedriver + 3949832\n   11  chromedriver                        0x00000001045f2b30 chromedriver + 3975984\n   12  chromedriver                        0x00000001045ecb24 chromedriver + 3951396\n   13  chromedriver                        0x00000001045c771c chromedriver + 3798812\n   14  chromedriver                        0x00000001046092f0 chromedriver + 4068080\n   15  chromedriver                        0x0000000104609444 chromedriver + 4068420\n   16  chromedriver                        0x000000010461d450 chromedriver + 4150352\n   17  libsystem_pthread.dylib             0x00000001b458026c _pthread_start + 148\n   18  libsystem_pthread.dylib             0x00000001b457b08c thread_start + 8\n", "test_name": "test_login_validation_check02", "rerun": "0"}, "4": {"status": "FAIL", "message": "   selenium.common.exceptions.NoSuchWindowException: Message: no such window: target window already closed\n   from unknown error: web view not found\n     (Session info: chrome=108.0.5359.94)\n   Stacktrace:\n   0   chromedriver                        0x0000000104616a88 chromedriver + 4123272\n   1   chromedriver                        0x00000001045a2778 chromedriver + 3647352\n   2   chromedriver                        0x0000000104264ac4 chromedriver + 248516\n   3   chromedriver                        0x0000000104244304 chromedriver + 115460\n   4   chromedriver                        0x00000001042bae64 chromedriver + 601700\n   5   chromedriver                        0x00000001042cc744 chromedriver + 673604\n   6   chromedriver                        0x000000010428eb10 chromedriver + 420624\n   7   chromedriver                        0x000000010428fc30 chromedriver + 425008\n   8   chromedriver                        0x00000001045e8ae4 chromedriver + 3934948\n   9   chromedriver                        0x00000001045ebf24 chromedriver + 3948324\n   10  chromedriver                        0x00000001045ec508 chromedriver + 3949832\n   11  chromedriver                        0x00000001045f2b30 chromedriver + 3975984\n   12  chromedriver                        0x00000001045ecb24 chromedriver + 3951396\n   13  chromedriver                        0x00000001045c771c chromedriver + 3798812\n   14  chromedriver                        0x00000001046092f0 chromedriver + 4068080\n   15  chromedriver                        0x0000000104609444 chromedriver + 4068420\n   16  chromedriver                        0x000000010461d450 chromedriver + 4150352\n   17  libsystem_pthread.dylib             0x00000001b458026c _pthread_start + 148\n   18  libsystem_pthread.dylib             0x00000001b457b08c thread_start + 8\n", "test_name": "test_login_validation_check03", "rerun": "0"}, "5": {"status": "FAIL", "message": "   selenium.common.exceptions.NoSuchWindowException: Message: no such window: target window already closed\n   from unknown error: web view not found\n     (Session info: chrome=108.0.5359.94)\n   Stacktrace:\n   0   chromedriver                        0x0000000104616a88 chromedriver + 4123272\n   1   chromedriver                        0x00000001045a2778 chromedriver + 3647352\n   2   chromedriver                        0x0000000104264ac4 chromedriver + 248516\n   3   chromedriver                        0x0000000104244304 chromedriver + 115460\n   4   chromedriver                        0x00000001042bae64 chromedriver + 601700\n   5   chromedriver                        0x00000001042cc744 chromedriver + 673604\n   6   chromedriver                        0x000000010428eb10 chromedriver + 420624\n   7   chromedriver                        0x000000010428fc30 chromedriver + 425008\n   8   chromedriver                        0x00000001045e8ae4 chromedriver + 3934948\n   9   chromedriver                        0x00000001045ebf24 chromedriver + 3948324\n   10  chromedriver                        0x00000001045ec508 chromedriver + 3949832\n   11  chromedriver                        0x00000001045f2b30 chromedriver + 3975984\n   12  chromedriver                        0x00000001045ecb24 chromedriver + 3951396\n   13  chromedriver                        0x00000001045c771c chromedriver + 3798812\n   14  chromedriver                        0x00000001046092f0 chromedriver + 4068080\n   15  chromedriver                        0x0000000104609444 chromedriver + 4068420\n   16  chromedriver                        0x000000010461d450 chromedriver + 4150352\n   17  libsystem_pthread.dylib             0x00000001b458026c _pthread_start + 148\n   18  libsystem_pthread.dylib             0x00000001b457b08c thread_start + 8\n", "test_name": "test_login_validation_check04", "rerun": "0"}, "6": {"status": "FAIL", "message": "   selenium.common.exceptions.NoSuchWindowException: Message: no such window: target window already closed\n   from unknown error: web view not found\n     (Session info: chrome=108.0.5359.94)\n   Stacktrace:\n   0   chromedriver                        0x0000000104616a88 chromedriver + 4123272\n   1   chromedriver                        0x00000001045a2778 chromedriver + 3647352\n   2   chromedriver                        0x0000000104264ac4 chromedriver + 248516\n   3   chromedriver                        0x0000000104244304 chromedriver + 115460\n   4   chromedriver                        0x00000001042bae64 chromedriver + 601700\n   5   chromedriver                        0x00000001042cc744 chromedriver + 673604\n   6   chromedriver                        0x000000010428eb10 chromedriver + 420624\n   7   chromedriver                        0x000000010428fc30 chromedriver + 425008\n   8   chromedriver                        0x00000001045e8ae4 chromedriver + 3934948\n   9   chromedriver                        0x00000001045ebf24 chromedriver + 3948324\n   10  chromedriver                        0x00000001045ec508 chromedriver + 3949832\n   11  chromedriver                        0x00000001045f2b30 chromedriver + 3975984\n   12  chromedriver                        0x00000001045ecb24 chromedriver + 3951396\n   13  chromedriver                        0x00000001045c771c chromedriver + 3798812\n   14  chromedriver                        0x00000001046092f0 chromedriver + 4068080\n   15  chromedriver                        0x0000000104609444 chromedriver + 4068420\n   16  chromedriver                        0x000000010461d450 chromedriver + 4150352\n   17  libsystem_pthread.dylib             0x00000001b458026c _pthread_start + 148\n   18  libsystem_pthread.dylib             0x00000001b457b08c thread_start + 8\n", "test_name": "test_login_validation_check05", "rerun": "0"}, "7": {"status": "FAIL", "message": "   selenium.common.exceptions.NoSuchWindowException: Message: no such window: target window already closed\n   from unknown error: web view not found\n     (Session info: chrome=108.0.5359.94)\n   Stacktrace:\n   0   chromedriver                        0x0000000104616a88 chromedriver + 4123272\n   1   chromedriver                        0x00000001045a2778 chromedriver + 3647352\n   2   chromedriver                        0x0000000104264ac4 chromedriver + 248516\n   3   chromedriver                        0x0000000104244304 chromedriver + 115460\n   4   chromedriver                        0x00000001042bae64 chromedriver + 601700\n   5   chromedriver                        0x00000001042cc744 chromedriver + 673604\n   6   chromedriver                        0x000000010428eb10 chromedriver + 420624\n   7   chromedriver                        0x000000010428fc30 chromedriver + 425008\n   8   chromedriver                        0x00000001045e8ae4 chromedriver + 3934948\n   9   chromedriver                        0x00000001045ebf24 chromedriver + 3948324\n   10  chromedriver                        0x00000001045ec508 chromedriver + 3949832\n   11  chromedriver                        0x00000001045f2b30 chromedriver + 3975984\n   12  chromedriver                        0x00000001045ecb24 chromedriver + 3951396\n   13  chromedriver                        0x00000001045c771c chromedriver + 3798812\n   14  chromedriver                        0x00000001046092f0 chromedriver + 4068080\n   15  chromedriver                        0x0000000104609444 chromedriver + 4068420\n   16  chromedriver                        0x000000010461d450 chromedriver + 4150352\n   17  libsystem_pthread.dylib             0x00000001b458026c _pthread_start + 148\n   18  libsystem_pthread.dylib             0x00000001b457b08c thread_start + 8\n", "test_name": "test_login_validation_check06", "rerun": "0"}, "8": {"status": "FAIL", "message": "   selenium.common.exceptions.NoSuchWindowException: Message: no such window: target window already closed\n   from unknown error: web view not found\n     (Session info: chrome=108.0.5359.94)\n   Stacktrace:\n   0   chromedriver                        0x0000000104616a88 chromedriver + 4123272\n   1   chromedriver                        0x00000001045a2778 chromedriver + 3647352\n   2   chromedriver                        0x0000000104264ac4 chromedriver + 248516\n   3   chromedriver                        0x0000000104244304 chromedriver + 115460\n   4   chromedriver                        0x00000001042bae64 chromedriver + 601700\n   5   chromedriver                        0x00000001042cc744 chromedriver + 673604\n   6   chromedriver                        0x000000010428eb10 chromedriver + 420624\n   7   chromedriver                        0x000000010428fc30 chromedriver + 425008\n   8   chromedriver                        0x00000001045e8ae4 chromedriver + 3934948\n   9   chromedriver                        0x00000001045ebf24 chromedriver + 3948324\n   10  chromedriver                        0x00000001045ec508 chromedriver + 3949832\n   11  chromedriver                        0x00000001045f2b30 chromedriver + 3975984\n   12  chromedriver                        0x00000001045ecb24 chromedriver + 3951396\n   13  chromedriver                        0x00000001045c771c chromedriver + 3798812\n   14  chromedriver                        0x00000001046092f0 chromedriver + 4068080\n   15  chromedriver                        0x0000000104609444 chromedriver + 4068420\n   16  chromedriver                        0x000000010461d450 chromedriver + 4150352\n   17  libsystem_pthread.dylib             0x00000001b458026c _pthread_start + 148\n   18  libsystem_pthread.dylib             0x00000001b457b08c thread_start + 8\n", "test_name": "test_login_validation_check07", "rerun": "0"}, "9": {"status": "FAIL", "message": "   selenium.common.exceptions.NoSuchWindowException: Message: no such window: target window already closed\n   from unknown error: web view not found\n     (Session info: chrome=108.0.5359.94)\n   Stacktrace:\n   0   chromedriver                        0x0000000104616a88 chromedriver + 4123272\n   1   chromedriver                        0x00000001045a2778 chromedriver + 3647352\n   2   chromedriver                        0x0000000104264ac4 chromedriver + 248516\n   3   chromedriver                        0x0000000104244304 chromedriver + 115460\n   4   chromedriver                        0x00000001042bae64 chromedriver + 601700\n   5   chromedriver                        0x00000001042cc744 chromedriver + 673604\n   6   chromedriver                        0x000000010428eb10 chromedriver + 420624\n   7   chromedriver                        0x000000010428fc30 chromedriver + 425008\n   8   chromedriver                        0x00000001045e8ae4 chromedriver + 3934948\n   9   chromedriver                        0x00000001045ebf24 chromedriver + 3948324\n   10  chromedriver                        0x00000001045ec508 chromedriver + 3949832\n   11  chromedriver                        0x00000001045f2b30 chromedriver + 3975984\n   12  chromedriver                        0x00000001045ecb24 chromedriver + 3951396\n   13  chromedriver                        0x00000001045c771c chromedriver + 3798812\n   14  chromedriver                        0x00000001046092f0 chromedriver + 4068080\n   15  chromedriver                        0x0000000104609444 chromedriver + 4068420\n   16  chromedriver                        0x000000010461d450 chromedriver + 4150352\n   17  libsystem_pthread.dylib             0x00000001b458026c _pthread_start + 148\n   18  libsystem_pthread.dylib             0x00000001b457b08c thread_start + 8\n", "test_name": "test_login_validation_check08", "rerun": "0"}, "10": {"status": "FAIL", "message": "   selenium.common.exceptions.NoSuchWindowException: Message: no such window: target window already closed\n   from unknown error: web view not found\n     (Session info: chrome=108.0.5359.94)\n   Stacktrace:\n   0   chromedriver                        0x0000000104616a88 chromedriver + 4123272\n   1   chromedriver                        0x00000001045a2778 chromedriver + 3647352\n   2   chromedriver                        0x0000000104264ac4 chromedriver + 248516\n   3   chromedriver                        0x0000000104244304 chromedriver + 115460\n   4   chromedriver                        0x00000001042bae64 chromedriver + 601700\n   5   chromedriver                        0x00000001042cc744 chromedriver + 673604\n   6   chromedriver                        0x000000010428eb10 chromedriver + 420624\n   7   chromedriver                        0x000000010428fc30 chromedriver + 425008\n   8   chromedriver                        0x00000001045e8ae4 chromedriver + 3934948\n   9   chromedriver                        0x00000001045ebf24 chromedriver + 3948324\n   10  chromedriver                        0x00000001045ec508 chromedriver + 3949832\n   11  chromedriver                        0x00000001045f2b30 chromedriver + 3975984\n   12  chromedriver                        0x00000001045ecb24 chromedriver + 3951396\n   13  chromedriver                        0x00000001045c771c chromedriver + 3798812\n   14  chromedriver                        0x00000001046092f0 chromedriver + 4068080\n   15  chromedriver                        0x0000000104609444 chromedriver + 4068420\n   16  chromedriver                        0x000000010461d450 chromedriver + 4150352\n   17  libsystem_pthread.dylib             0x00000001b458026c _pthread_start + 148\n   18  libsystem_pthread.dylib             0x00000001b457b08c thread_start + 8\n", "test_name": "test_login_validation_check09", "rerun": "0"}, "11": {"status": "FAIL", "message": "   selenium.common.exceptions.NoSuchWindowException: Message: no such window: target window already closed\n   from unknown error: web view not found\n     (Session info: chrome=108.0.5359.94)\n   Stacktrace:\n   0   chromedriver                        0x0000000104616a88 chromedriver + 4123272\n   1   chromedriver                        0x00000001045a2778 chromedriver + 3647352\n   2   chromedriver                        0x0000000104264ac4 chromedriver + 248516\n   3   chromedriver                        0x0000000104244304 chromedriver + 115460\n   4   chromedriver                        0x00000001042bae64 chromedriver + 601700\n   5   chromedriver                        0x00000001042cc744 chromedriver + 673604\n   6   chromedriver                        0x000000010428eb10 chromedriver + 420624\n   7   chromedriver                        0x000000010428fc30 chromedriver + 425008\n   8   chromedriver                        0x00000001045e8ae4 chromedriver + 3934948\n   9   chromedriver                        0x00000001045ebf24 chromedriver + 3948324\n   10  chromedriver                        0x00000001045ec508 chromedriver + 3949832\n   11  chromedriver                        0x00000001045f2b30 chromedriver + 3975984\n   12  chromedriver                        0x00000001045ecb24 chromedriver + 3951396\n   13  chromedriver                        0x00000001045c771c chromedriver + 3798812\n   14  chromedriver                        0x00000001046092f0 chromedriver + 4068080\n   15  chromedriver                        0x0000000104609444 chromedriver + 4068420\n   16  chromedriver                        0x000000010461d450 chromedriver + 4150352\n   17  libsystem_pthread.dylib             0x00000001b458026c _pthread_start + 148\n   18  libsystem_pthread.dylib             0x00000001b457b08c thread_start + 8\n", "test_name": "test_login_validation_check10", "rerun": "0"}, "12": {"status": "FAIL", "message": "   selenium.common.exceptions.NoSuchWindowException: Message: no such window: target window already closed\n   from unknown error: web view not found\n     (Session info: chrome=108.0.5359.94)\n   Stacktrace:\n   0   chromedriver                        0x0000000104616a88 chromedriver + 4123272\n   1   chromedriver                        0x00000001045a2778 chromedriver + 3647352\n   2   chromedriver                        0x0000000104264ac4 chromedriver + 248516\n   3   chromedriver                        0x0000000104244304 chromedriver + 115460\n   4   chromedriver                        0x00000001042bae64 chromedriver + 601700\n   5   chromedriver                        0x00000001042cc744 chromedriver + 673604\n   6   chromedriver                        0x000000010428eb10 chromedriver + 420624\n   7   chromedriver                        0x000000010428fc30 chromedriver + 425008\n   8   chromedriver                        0x00000001045e8ae4 chromedriver + 3934948\n   9   chromedriver                        0x00000001045ebf24 chromedriver + 3948324\n   10  chromedriver                        0x00000001045ec508 chromedriver + 3949832\n   11  chromedriver                        0x00000001045f2b30 chromedriver + 3975984\n   12  chromedriver                        0x00000001045ecb24 chromedriver + 3951396\n   13  chromedriver                        0x00000001045c771c chromedriver + 3798812\n   14  chromedriver                        0x00000001046092f0 chromedriver + 4068080\n   15  chromedriver                        0x0000000104609444 chromedriver + 4068420\n   16  chromedriver                        0x000000010461d450 chromedriver + 4150352\n   17  libsystem_pthread.dylib             0x00000001b458026c _pthread_start + 148\n   18  libsystem_pthread.dylib             0x00000001b457b08c thread_start + 8\n", "test_name": "test_login_validation_check11", "rerun": "0"}, "13": {"status": "FAIL", "message": "   selenium.common.exceptions.NoSuchWindowException: Message: no such window: target window already closed\n   from unknown error: web view not found\n     (Session info: chrome=108.0.5359.94)\n   Stacktrace:\n   0   chromedriver                        0x0000000104616a88 chromedriver + 4123272\n   1   chromedriver                        0x00000001045a2778 chromedriver + 3647352\n   2   chromedriver                        0x0000000104264ac4 chromedriver + 248516\n   3   chromedriver                        0x0000000104244304 chromedriver + 115460\n   4   chromedriver                        0x00000001042bae64 chromedriver + 601700\n   5   chromedriver                        0x00000001042cc744 chromedriver + 673604\n   6   chromedriver                        0x000000010428eb10 chromedriver + 420624\n   7   chromedriver                        0x000000010428fc30 chromedriver + 425008\n   8   chromedriver                        0x00000001045e8ae4 chromedriver + 3934948\n   9   chromedriver                        0x00000001045ebf24 chromedriver + 3948324\n   10  chromedriver                        0x00000001045ec508 chromedriver + 3949832\n   11  chromedriver                        0x00000001045f2b30 chromedriver + 3975984\n   12  chromedriver                        0x00000001045ecb24 chromedriver + 3951396\n   13  chromedriver                        0x00000001045c771c chromedriver + 3798812\n   14  chromedriver                        0x00000001046092f0 chromedriver + 4068080\n   15  chromedriver                        0x0000000104609444 chromedriver + 4068420\n   16  chromedriver                        0x000000010461d450 chromedriver + 4150352\n   17  libsystem_pthread.dylib             0x00000001b458026c _pthread_start + 148\n   18  libsystem_pthread.dylib             0x00000001b457b08c thread_start + 8\n", "test_name": "test_login_validation_check12", "rerun": "0"}, "14": {"status": "FAIL", "message": "   selenium.common.exceptions.NoSuchWindowException: Message: no such window: target window already closed\n   from unknown error: web view not found\n     (Session info: chrome=108.0.5359.94)\n   Stacktrace:\n   0   chromedriver                        0x0000000104616a88 chromedriver + 4123272\n   1   chromedriver                        0x00000001045a2778 chromedriver + 3647352\n   2   chromedriver                        0x0000000104264ac4 chromedriver + 248516\n   3   chromedriver                        0x0000000104244304 chromedriver + 115460\n   4   chromedriver                        0x00000001042bae64 chromedriver + 601700\n   5   chromedriver                        0x00000001042cc744 chromedriver + 673604\n   6   chromedriver                        0x000000010428eb10 chromedriver + 420624\n   7   chromedriver                        0x000000010428fc30 chromedriver + 425008\n   8   chromedriver                        0x00000001045e8ae4 chromedriver + 3934948\n   9   chromedriver                        0x00000001045ebf24 chromedriver + 3948324\n   10  chromedriver                        0x00000001045ec508 chromedriver + 3949832\n   11  chromedriver                        0x00000001045f2b30 chromedriver + 3975984\n   12  chromedriver                        0x00000001045ecb24 chromedriver + 3951396\n   13  chromedriver                        0x00000001045c771c chromedriver + 3798812\n   14  chromedriver                        0x00000001046092f0 chromedriver + 4068080\n   15  chromedriver                        0x0000000104609444 chromedriver + 4068420\n   16  chromedriver                        0x000000010461d450 chromedriver + 4150352\n   17  libsystem_pthread.dylib             0x00000001b458026c _pthread_start + 148\n   18  libsystem_pthread.dylib             0x00000001b457b08c thread_start + 8\n", "test_name": "test_login_validation_check13", "rerun": "0"}}, "suite_name": "Tests/test_login.py"}, "1": {"suite_name": "Tests/test_search.py", "tests": {"0": {"status": "FAIL", "message": "   selenium.common.exceptions.NoSuchWindowException: Message: no such window: target window already closed\n   from unknown error: web view not found\n     (Session info: chrome=108.0.5359.94)\n   Stacktrace:\n   0   chromedriver                        0x0000000104616a88 chromedriver + 4123272\n   1   chromedriver                        0x00000001045a2778 chromedriver + 3647352\n   2   chromedriver                        0x0000000104264ac4 chromedriver + 248516\n   3   chromedriver                        0x0000000104244304 chromedriver + 115460\n   4   chromedriver                        0x00000001042bae64 chromedriver + 601700\n   5   chromedriver                        0x00000001042cc744 chromedriver + 673604\n   6   chromedriver                        0x000000010428eb10 chromedriver + 420624\n   7   chromedriver                        0x000000010428fc30 chromedriver + 425008\n   8   chromedriver                        0x00000001045e8ae4 chromedriver + 3934948\n   9   chromedriver                        0x00000001045ebf24 chromedriver + 3948324\n   10  chromedriver                        0x00000001045ec508 chromedriver + 3949832\n   11  chromedriver                        0x00000001045f2b30 chromedriver + 3975984\n   12  chromedriver                        0x00000001045ecb24 chromedriver + 3951396\n   13  chromedriver                        0x00000001045c771c chromedriver + 3798812\n   14  chromedriver                        0x00000001046092f0 chromedriver + 4068080\n   15  chromedriver                        0x0000000104609444 chromedriver + 4068420\n   16  chromedriver                        0x000000010461d450 chromedriver + 4150352\n   17  libsystem_pthread.dylib             0x00000001b458026c _pthread_start + 148\n   18  libsystem_pthread.dylib             0x00000001b457b08c thread_start + 8\n", "test_name": "test_search_input_xss01", "rerun": "0"}}, "status": {"total_pass": 0, "total_skip": 0, "total_xpass": 0, "total_xfail": 0, "total_rerun": 0, "total_fail": 1, "total_error": 0}}, "2": {"suite_name": "Tests/test_simple_scenario.py", "tests": {"0": {"status": "FAIL", "message": "   selenium.common.exceptions.NoSuchWindowException: Message: no such window: target window already closed\n   from unknown error: web view not found\n     (Session info: chrome=108.0.5359.94)\n   Stacktrace:\n   0   chromedriver                        0x0000000104616a88 chromedriver + 4123272\n   1   chromedriver                        0x00000001045a2778 chromedriver + 3647352\n   2   chromedriver                        0x0000000104264ac4 chromedriver + 248516\n   3   chromedriver                        0x0000000104244304 chromedriver + 115460\n   4   chromedriver                        0x00000001042bae64 chromedriver + 601700\n   5   chromedriver                        0x00000001042cc744 chromedriver + 673604\n   6   chromedriver                        0x000000010428eb10 chromedriver + 420624\n   7   chromedriver                        0x000000010428fc30 chromedriver + 425008\n   8   chromedriver                        0x00000001045e8ae4 chromedriver + 3934948\n   9   chromedriver                        0x00000001045ebf24 chromedriver + 3948324\n   10  chromedriver                        0x00000001045ec508 chromedriver + 3949832\n   11  chromedriver                        0x00000001045f2b30 chromedriver + 3975984\n   12  chromedriver                        0x00000001045ecb24 chromedriver + 3951396\n   13  chromedriver                        0x00000001045c771c chromedriver + 3798812\n   14  chromedriver                        0x00000001046092f0 chromedriver + 4068080\n   15  chromedriver                        0x0000000104609444 chromedriver + 4068420\n   16  chromedriver                        0x000000010461d450 chromedriver + 4150352\n   17  libsystem_pthread.dylib             0x00000001b458026c _pthread_start + 148\n   18  libsystem_pthread.dylib             0x00000001b457b08c thread_start + 8\n", "test_name": "test_home_good", "rerun": "0"}, "1": {"status": "FAIL", "message": "   selenium.common.exceptions.NoSuchWindowException: Message: no such window: target window already closed\n   from unknown error: web view not found\n     (Session info: chrome=108.0.5359.94)\n   Stacktrace:\n   0   chromedriver                        0x0000000104616a88 chromedriver + 4123272\n   1   chromedriver                        0x00000001045a2778 chromedriver + 3647352\n   2   chromedriver                        0x0000000104264ac4 chromedriver + 248516\n   3   chromedriver                        0x0000000104244304 chromedriver + 115460\n   4   chromedriver                        0x00000001042bae64 chromedriver + 601700\n   5   chromedriver                        0x00000001042cc744 chromedriver + 673604\n   6   chromedriver                        0x000000010428eb10 chromedriver + 420624\n   7   chromedriver                        0x000000010428fc30 chromedriver + 425008\n   8   chromedriver                        0x00000001045e8ae4 chromedriver + 3934948\n   9   chromedriver                        0x00000001045ebf24 chromedriver + 3948324\n   10  chromedriver                        0x00000001045ec508 chromedriver + 3949832\n   11  chromedriver                        0x00000001045f2b30 chromedriver + 3975984\n   12  chromedriver                        0x00000001045ecb24 chromedriver + 3951396\n   13  chromedriver                        0x00000001045c771c chromedriver + 3798812\n   14  chromedriver                        0x00000001046092f0 chromedriver + 4068080\n   15  chromedriver                        0x0000000104609444 chromedriver + 4068420\n   16  chromedriver                        0x000000010461d450 chromedriver + 4150352\n   17  libsystem_pthread.dylib             0x00000001b458026c _pthread_start + 148\n   18  libsystem_pthread.dylib             0x00000001b457b08c thread_start + 8\n", "test_name": "test_login_good", "rerun": "0"}, "2": {"status": "FAIL", "message": "   selenium.common.exceptions.NoSuchWindowException: Message: no such window: target window already closed\n   from unknown error: web view not found\n     (Session info: chrome=108.0.5359.94)\n   Stacktrace:\n   0   chromedriver                        0x0000000104616a88 chromedriver + 4123272\n   1   chromedriver                        0x00000001045a2778 chromedriver + 3647352\n   2   chromedriver                        0x0000000104264ac4 chromedriver + 248516\n   3   chromedriver                        0x0000000104244304 chromedriver + 115460\n   4   chromedriver                        0x00000001042bae64 chromedriver + 601700\n   5   chromedriver                        0x00000001042cc744 chromedriver + 673604\n   6   chromedriver                        0x000000010428eb10 chromedriver + 420624\n   7   chromedriver                        0x000000010428fc30 chromedriver + 425008\n   8   chromedriver                        0x00000001045e8ae4 chromedriver + 3934948\n   9   chromedriver                        0x00000001045ebf24 chromedriver + 3948324\n   10  chromedriver                        0x00000001045ec508 chromedriver + 3949832\n   11  chromedriver                        0x00000001045f2b30 chromedriver + 3975984\n   12  chromedriver                        0x00000001045ecb24 chromedriver + 3951396\n   13  chromedriver                        0x00000001045c771c chromedriver + 3798812\n   14  chromedriver                        0x00000001046092f0 chromedriver + 4068080\n   15  chromedriver                        0x0000000104609444 chromedriver + 4068420\n   16  chromedriver                        0x000000010461d450 chromedriver + 4150352\n   17  libsystem_pthread.dylib             0x00000001b458026c _pthread_start + 148\n   18  libsystem_pthread.dylib             0x00000001b457b08c thread_start + 8\n", "test_name": "test_search_good", "rerun": "0"}, "3": {"status": "FAIL", "message": "   selenium.common.exceptions.NoSuchWindowException: Message: no such window: target window already closed\n   from unknown error: web view not found\n     (Session info: chrome=108.0.5359.94)\n   Stacktrace:\n   0   chromedriver                        0x0000000104616a88 chromedriver + 4123272\n   1   chromedriver                        0x00000001045a2778 chromedriver + 3647352\n   2   chromedriver                        0x0000000104264ac4 chromedriver + 248516\n   3   chromedriver                        0x0000000104244304 chromedriver + 115460\n   4   chromedriver                        0x00000001042bae64 chromedriver + 601700\n   5   chromedriver                        0x00000001042cc744 chromedriver + 673604\n   6   chromedriver                        0x000000010428eb10 chromedriver + 420624\n   7   chromedriver                        0x000000010428fc30 chromedriver + 425008\n   8   chromedriver                        0x00000001045e8ae4 chromedriver + 3934948\n   9   chromedriver                        0x00000001045ebf24 chromedriver + 3948324\n   10  chromedriver                        0x00000001045ec508 chromedriver + 3949832\n   11  chromedriver                        0x00000001045f2b30 chromedriver + 3975984\n   12  chromedriver                        0x00000001045ecb24 chromedriver + 3951396\n   13  chromedriver                        0x00000001045c771c chromedriver + 3798812\n   14  chromedriver                        0x00000001046092f0 chromedriver + 4068080\n   15  chromedriver                        0x0000000104609444 chromedriver + 4068420\n   16  chromedriver                        0x000000010461d450 chromedriver + 4150352\n   17  libsystem_pthread.dylib             0x00000001b458026c _pthread_start + 148\n   18  libsystem_pthread.dylib             0x00000001b457b08c thread_start + 8\n", "test_name": "test_product_page_good", "rerun": "0"}}, "status": {"total_pass": 0, "total_skip": 0, "total_xpass": 0, "total_xfail": 0, "total_rerun": 0, "total_fail": 4, "total_error": 0}}}}, "date": "December 08, 2022", "start_time": 1670425975.6751602, "total_suite": 3, "status": "FAIL", "status_list": {"pass": "1", "fail": "19", "skip": "0", "error": "0", "xpass": "0", "xfail": "0", "rerun": "0"}, "total_tests": "20"}